[debug] [2022-07-27T08:03:53.725Z] ----------------------------------------------------------------------
[debug] [2022-07-27T08:03:53.730Z] Command:       C:\Program Files\nodejs\node.exe C:\Users\Shuvo\AppData\Roaming\npm\node_modules\firebase-tools\lib\bin\firebase.js deploy
[debug] [2022-07-27T08:03:53.731Z] CLI Version:   10.6.0
[debug] [2022-07-27T08:03:53.732Z] Platform:      win32
[debug] [2022-07-27T08:03:53.732Z] Node Version:  v16.15.0
[debug] [2022-07-27T08:03:54.102Z] Time:          Wed Jul 27 2022 14:03:53 GMT+0600 (Bangladesh Standard Time)
[debug] [2022-07-27T08:03:54.103Z] ----------------------------------------------------------------------
[debug] 
[debug] [2022-07-27T08:03:54.352Z] > command requires scopes: ["email","openid","https://www.googleapis.com/auth/cloudplatformprojects.readonly","https://www.googleapis.com/auth/firebase","https://www.googleapis.com/auth/cloud-platform"]
[debug] [2022-07-27T08:03:54.353Z] > authorizing via signed-in user (shuvoghosh1610@gmail.com)
[debug] [2022-07-27T08:03:54.353Z] [iam] checking project dashboard-28dde for permissions ["firebase.projects.get","firebasehosting.sites.update"]
[debug] [2022-07-27T08:03:54.358Z] >>> [apiv2][query] POST https://cloudresourcemanager.googleapis.com/v1/projects/dashboard-28dde:testIamPermissions [none]
[debug] [2022-07-27T08:03:54.359Z] >>> [apiv2][body] POST https://cloudresourcemanager.googleapis.com/v1/projects/dashboard-28dde:testIamPermissions {"permissions":["firebase.projects.get","firebasehosting.sites.update"]}
[debug] [2022-07-27T08:03:57.693Z] <<< [apiv2][status] POST https://cloudresourcemanager.googleapis.com/v1/projects/dashboard-28dde:testIamPermissions 200
[debug] [2022-07-27T08:03:57.694Z] <<< [apiv2][body] POST https://cloudresourcemanager.googleapis.com/v1/projects/dashboard-28dde:testIamPermissions {"permissions":["firebase.projects.get","firebasehosting.sites.update"]}
[debug] [2022-07-27T08:03:57.698Z] >>> [apiv2][query] GET https://firebase.googleapis.com/v1beta1/projects/dashboard-28dde [none]
[debug] [2022-07-27T08:03:58.355Z] <<< [apiv2][status] GET https://firebase.googleapis.com/v1beta1/projects/dashboard-28dde 200
[debug] [2022-07-27T08:03:58.355Z] <<< [apiv2][body] GET https://firebase.googleapis.com/v1beta1/projects/dashboard-28dde {"projectId":"dashboard-28dde","projectNumber":"726886533725","displayName":"Dashboard","name":"projects/dashboard-28dde","resources":{"hostingSite":"dashboard-28dde"},"state":"ACTIVE","etag":"1_9cdea432-6ae0-412e-a307-fe5b722399e1"}
[info] 
[info] === Deploying to 'dashboard-28dde'...
[info] 
[info] i  deploying hosting 
[debug] [2022-07-27T08:03:58.361Z] >>> [apiv2][query] GET https://firebase.googleapis.com/v1beta1/projects/dashboard-28dde [none]
[debug] [2022-07-27T08:04:28.364Z] Timeout reached making request to https://firebase.googleapis.com/v1beta1/projects/dashboard-28dde
[debug] [2022-07-27T08:04:39.408Z] FirebaseError: Timeout reached making request to https://firebase.googleapis.com/v1beta1/projects/dashboard-28dde
    at RetryOperation._fn (C:\Users\Shuvo\AppData\Roaming\npm\node_modules\firebase-tools\lib\apiv2.js:236:35)
    at processTicksAndRejections (node:internal/process/task_queues:96:5)
[error] 
[error] Error: Failed to get Firebase project dashboard-28dde. Please make sure the project exists and your account has permission to access it.
